# JRE version: OpenJDK Runtime Environment Corretto-11.0.15.9.1 (11.0.15+9) (build 11.0.15+9-LTS)
# Java VM: OpenJDK 64-Bit Server VM Corretto-11.0.15.9.1 (11.0.15+9-LTS, mixed mode, tiered, compressed oops, g1 gc, windows-amd64)
Heap:
 garbage-first heap   total 94208K, used 21626K [0x00000000c1e00000, 0x0000000100000000)
  region size 1024K, 5 young (5120K), 2 survivors (2048K)
 Metaspace       used 37155K, capacity 38619K, committed 38960K, reserved 1083392K
  class space    used 4514K, capacity 5121K, committed 5248K, reserved 1048576K
GC Heap History (14 events):
Event: 1.075 GC heap before
{Heap before GC invocations=0 (full 0):
 garbage-first heap   total 65536K, used 13312K [0x00000000c1e00000, 0x0000000100000000)
  region size 1024K, 14 young (14336K), 0 survivors (0K)
 Metaspace       used 7431K, capacity 7585K, committed 7680K, reserved 1056768K
  class space    used 656K, capacity 714K, committed 768K, reserved 1048576K
}
Event: 1.080 GC heap after
{Heap after GC invocations=1 (full 0):
 garbage-first heap   total 65536K, used 976K [0x00000000c1e00000, 0x0000000100000000)
  region size 1024K, 1 young (1024K), 1 survivors (1024K)
 Metaspace       used 7431K, capacity 7585K, committed 7680K, reserved 1056768K
  class space    used 656K, capacity 714K, committed 768K, reserved 1048576K
}
Event: 3.501 GC heap before
{Heap before GC invocations=1 (full 0):
 garbage-first heap   total 65536K, used 37840K [0x00000000c1e00000, 0x0000000100000000)
  region size 1024K, 38 young (38912K), 1 survivors (1024K)
 Metaspace       used 20375K, capacity 20998K, committed 21120K, reserved 1067008K
  class space    used 2347K, capacity 2618K, committed 2688K, reserved 1048576K
}
Event: 3.630 GC heap after
{Heap after GC invocations=2 (full 0):
 garbage-first heap   total 65536K, used 6914K [0x00000000c1e00000, 0x0000000100000000)
  region size 1024K, 5 young (5120K), 5 survivors (5120K)
 Metaspace       used 20375K, capacity 20998K, committed 21120K, reserved 1067008K
  class space    used 2347K, capacity 2618K, committed 2688K, reserved 1048576K
}
Event: 3.689 GC heap before
{Heap before GC invocations=2 (full 0):
 garbage-first heap   total 65536K, used 6914K [0x00000000c1e00000, 0x0000000100000000)
  region size 1024K, 6 young (6144K), 5 survivors (5120K)
 Metaspace       used 20547K, capacity 21141K, committed 21296K, reserved 1069056K
  class space    used 2361K, capacity 2623K, committed 2688K, reserved 1048576K
}
Event: 3.707 GC heap after
{Heap after GC invocations=3 (full 0):
 garbage-first heap   total 65536K, used 7347K [0x00000000c1e00000, 0x0000000100000000)
  region size 1024K, 1 young (1024K), 1 survivors (1024K)
 Metaspace       used 20547K, capacity 21141K, committed 21296K, reserved 1069056K
  class space    used 2361K, capacity 2623K, committed 2688K, reserved 1048576K
}
Event: 6.010 GC heap before
{Heap before GC invocations=4 (full 0):
 garbage-first heap   total 65536K, used 28851K [0x00000000c1e00000, 0x0000000100000000)
  region size 1024K, 22 young (22528K), 1 survivors (1024K)
 Metaspace       used 29519K, capacity 30336K, committed 30384K, reserved 1075200K
  class space    used 3480K, capacity 3826K, committed 3840K, reserved 1048576K
}
Event: 6.019 GC heap after
{Heap after GC invocations=5 (full 0):
 garbage-first heap   total 65536K, used 10386K [0x00000000c1e00000, 0x0000000100000000)
  region size 1024K, 3 young (3072K), 3 survivors (3072K)
 Metaspace       used 29519K, capacity 30336K, committed 30384K, reserved 1075200K
  class space    used 3480K, capacity 3826K, committed 3840K, reserved 1048576K
}
Event: 7.199 GC heap before
{Heap before GC invocations=5 (full 0):
 garbage-first heap   total 65536K, used 32914K [0x00000000c1e00000, 0x0000000100000000)
  region size 1024K, 25 young (25600K), 3 survivors (3072K)
 Metaspace       used 33882K, capacity 35256K, committed 35504K, reserved 1079296K
  class space    used 4277K, capacity 4857K, committed 4864K, reserved 1048576K
}
Event: 7.216 GC heap after
{Heap after GC invocations=6 (full 0):
 garbage-first heap   total 65536K, used 14146K [0x00000000c1e00000, 0x0000000100000000)
  region size 1024K, 4 young (4096K), 4 survivors (4096K)
 Metaspace       used 33882K, capacity 35256K, committed 35504K, reserved 1079296K
  class space    used 4277K, capacity 4857K, committed 4864K, reserved 1048576K
}
Event: 7.484 GC heap before
{Heap before GC invocations=6 (full 0):
 garbage-first heap   total 65536K, used 18242K [0x00000000c1e00000, 0x0000000100000000)
  region size 1024K, 9 young (9216K), 4 survivors (4096K)
 Metaspace       used 34450K, capacity 35765K, committed 35888K, reserved 1081344K
  class space    used 4317K, capacity 4898K, committed 4992K, reserved 1048576K
}
Event: 7.518 GC heap after
{Heap after GC invocations=7 (full 0):
 garbage-first heap   total 65536K, used 16036K [0x00000000c1e00000, 0x0000000100000000)
  region size 1024K, 2 young (2048K), 2 survivors (2048K)
 Metaspace       used 34450K, capacity 35765K, committed 35888K, reserved 1081344K
  class space    used 4317K, capacity 4898K, committed 4992K, reserved 1048576K
}
Event: 49.638 GC heap before
{Heap before GC invocations=8 (full 0):
 garbage-first heap   total 65536K, used 37540K [0x00000000c1e00000, 0x0000000100000000)
  region size 1024K, 22 young (22528K), 2 survivors (2048K)
 Metaspace       used 36988K, capacity 38424K, committed 38576K, reserved 1083392K
  class space    used 4497K, capacity 5101K, committed 5120K, reserved 1048576K
}
Event: 49.648 GC heap after
{Heap after GC invocations=9 (full 0):
 garbage-first heap   total 94208K, used 19578K [0x00000000c1e00000, 0x0000000100000000)
  region size 1024K, 2 young (2048K), 2 survivors (2048K)
 Metaspace       used 36988K, capacity 38424K, committed 38576K, reserved 1083392K
  class space    used 4497K, capacity 5101K, committed 5120K, reserved 1048576K
}

